INFO [2020-06-25 11:51:46] $x
INFO [2020-06-25 11:51:46] all_shared_off
INFO [2020-06-25 11:51:46] 
INFO [2020-06-25 11:51:46] $filename
INFO [2020-06-25 11:51:46] NULL
INFO [2020-06-25 11:51:46] 
INFO [2020-06-25 11:51:46] $fill
INFO [2020-06-25 11:51:46] c("darkslategray3", "darkslategray4", "#000004")
INFO [2020-06-25 11:51:46] 
INFO [2020-06-25 11:51:46] $alpha
INFO [2020-06-25 11:51:46] [1] 0.5
INFO [2020-06-25 11:51:46] 
INFO [2020-06-25 11:51:46] $fontfamily
INFO [2020-06-25 11:51:46] [1] "sans"
INFO [2020-06-25 11:51:46] 
INFO [2020-06-25 11:51:46] $cat.fontfamily
INFO [2020-06-25 11:51:46] [1] "sans"
INFO [2020-06-25 11:51:46] 
INFO [2020-06-25 11:51:46] $cat.pos
INFO [2020-06-25 11:51:46] [1] 1
INFO [2020-06-25 11:51:46] 
