INFO [2020-05-22 11:21:03] $x
INFO [2020-05-22 11:21:03] all_shared_site
INFO [2020-05-22 11:21:03] 
INFO [2020-05-22 11:21:03] $filename
INFO [2020-05-22 11:21:03] NULL
INFO [2020-05-22 11:21:03] 
INFO [2020-05-22 11:21:03] $fill
INFO [2020-05-22 11:21:03] c("darkslategray3", "darkslategray4", "#000004")
INFO [2020-05-22 11:21:03] 
INFO [2020-05-22 11:21:03] $alpha
INFO [2020-05-22 11:21:03] [1] 0.5
INFO [2020-05-22 11:21:03] 
INFO [2020-05-22 11:21:03] $fontfamily
INFO [2020-05-22 11:21:03] [1] "sans"
INFO [2020-05-22 11:21:03] 
INFO [2020-05-22 11:21:03] $cat.fontfamily
INFO [2020-05-22 11:21:03] [1] "sans"
INFO [2020-05-22 11:21:03] 
INFO [2020-05-22 11:21:03] $cat.pos
INFO [2020-05-22 11:21:03] [1] 1
INFO [2020-05-22 11:21:03] 
