INFO [2020-05-22 11:21:11] $x
INFO [2020-05-22 11:21:11] all_shared_site
INFO [2020-05-22 11:21:11] 
INFO [2020-05-22 11:21:11] $filename
INFO [2020-05-22 11:21:11] NULL
INFO [2020-05-22 11:21:11] 
INFO [2020-05-22 11:21:11] $fill
INFO [2020-05-22 11:21:11] c("darkslategray3", "darkslategray4", "#000004")
INFO [2020-05-22 11:21:11] 
INFO [2020-05-22 11:21:11] $alpha
INFO [2020-05-22 11:21:11] [1] 0.5
INFO [2020-05-22 11:21:11] 
INFO [2020-05-22 11:21:11] $fontfamily
INFO [2020-05-22 11:21:11] [1] "sans"
INFO [2020-05-22 11:21:11] 
INFO [2020-05-22 11:21:11] $cat.fontfamily
INFO [2020-05-22 11:21:11] [1] "sans"
INFO [2020-05-22 11:21:11] 
INFO [2020-05-22 11:21:11] [[7]]
INFO [2020-05-22 11:21:11] 
INFO [2020-05-22 11:21:11] 
