INFO [2020-06-25 11:51:39] $x
INFO [2020-06-25 11:51:39] all_shared
INFO [2020-06-25 11:51:39] 
INFO [2020-06-25 11:51:39] $filename
INFO [2020-06-25 11:51:39] NULL
INFO [2020-06-25 11:51:39] 
INFO [2020-06-25 11:51:39] $fill
INFO [2020-06-25 11:51:39] c("darkslategray3", "darkslategray4", "#000004")
INFO [2020-06-25 11:51:39] 
INFO [2020-06-25 11:51:39] $alpha
INFO [2020-06-25 11:51:39] [1] 0.5
INFO [2020-06-25 11:51:39] 
INFO [2020-06-25 11:51:39] $fontfamily
INFO [2020-06-25 11:51:39] [1] "sans"
INFO [2020-06-25 11:51:39] 
INFO [2020-06-25 11:51:39] $cat.fontfamily
INFO [2020-06-25 11:51:39] [1] "sans"
INFO [2020-06-25 11:51:39] 
INFO [2020-06-25 11:51:39] $cat.pos
INFO [2020-06-25 11:51:39] [1] 1
INFO [2020-06-25 11:51:39] 
