INFO [2020-06-25 11:51:31] $x
INFO [2020-06-25 11:51:31] all_shared_site
INFO [2020-06-25 11:51:31] 
INFO [2020-06-25 11:51:31] $filename
INFO [2020-06-25 11:51:31] NULL
INFO [2020-06-25 11:51:31] 
INFO [2020-06-25 11:51:31] $fill
INFO [2020-06-25 11:51:31] c("darkslategray3", "darkslategray4", "#000004")
INFO [2020-06-25 11:51:31] 
INFO [2020-06-25 11:51:31] $alpha
INFO [2020-06-25 11:51:31] [1] 0.5
INFO [2020-06-25 11:51:31] 
INFO [2020-06-25 11:51:31] $fontfamily
INFO [2020-06-25 11:51:31] [1] "sans"
INFO [2020-06-25 11:51:31] 
INFO [2020-06-25 11:51:31] $cat.fontfamily
INFO [2020-06-25 11:51:31] [1] "sans"
INFO [2020-06-25 11:51:31] 
INFO [2020-06-25 11:51:31] [[7]]
INFO [2020-06-25 11:51:31] 
INFO [2020-06-25 11:51:31] 
